# JRE version: OpenJDK Runtime Environment (8.0_152-b01) (build 1.8.0_152-release-1343-b01)
# Java VM: OpenJDK 64-Bit Server VM (25.152-b01 mixed mode windows-amd64 compressed oops)
Heap:
 PSYoungGen      total 414208K, used 64475K [0x00000000e0000000, 0x0000000100000000, 0x0000000100000000)
  eden space 314880K, 0% used [0x00000000e0000000,0x00000000e0000000,0x00000000f3380000)
  from space 99328K, 64% used [0x00000000f3380000,0x00000000f7276cb8,0x00000000f9480000)
  to   space 99840K, 0% used [0x00000000f9e80000,0x00000000f9e80000,0x0000000100000000)
 ParOldGen       total 366080K, used 288388K [0x00000000a0000000, 0x00000000b6580000, 0x00000000e0000000)
  object space 366080K, 78% used [0x00000000a0000000,0x00000000b19a11c8,0x00000000b6580000)
 Metaspace       used 111596K, capacity 117686K, committed 117976K, reserved 1153024K
  class space    used 13170K, capacity 14243K, committed 14336K, reserved 1048576K
GC Heap History (10 events):
Event: 18414.332 GC heap after
Heap after GC invocations=52 (full 9):
 PSYoungGen      total 402432K, used 0K [0x00000000e0000000, 0x00000000ffc80000, 0x0000000100000000)
  eden space 291328K, 0% used [0x00000000e0000000,0x00000000e0000000,0x00000000f1c80000)
  from space 111104K, 0% used [0x00000000f1c80000,0x00000000f1c80000,0x00000000f8900000)
  to   space 108544K, 0% used [0x00000000f9280000,0x00000000f9280000,0x00000000ffc80000)
 ParOldGen       total 366080K, used 165859K [0x00000000a0000000, 0x00000000b6580000, 0x00000000e0000000)
  object space 366080K, 45% used [0x00000000a0000000,0x00000000aa1f8c98,0x00000000b6580000)
 Metaspace       used 106385K, capacity 112148K, committed 117208K, reserved 1153024K
  class space    used 12898K, capacity 13860K, committed 14336K, reserved 1048576K
}
Event: 18617.561 GC heap before
{Heap before GC invocations=53 (full 9):
 PSYoungGen      total 402432K, used 291328K [0x00000000e0000000, 0x00000000ffc80000, 0x0000000100000000)
  eden space 291328K, 100% used [0x00000000e0000000,0x00000000f1c80000,0x00000000f1c80000)
  from space 111104K, 0% used [0x00000000f1c80000,0x00000000f1c80000,0x00000000f8900000)
  to   space 108544K, 0% used [0x00000000f9280000,0x00000000f9280000,0x00000000ffc80000)
 ParOldGen       total 366080K, used 165859K [0x00000000a0000000, 0x00000000b6580000, 0x00000000e0000000)
  object space 366080K, 45% used [0x00000000a0000000,0x00000000aa1f8c98,0x00000000b6580000)
 Metaspace       used 106674K, capacity 112664K, committed 117464K, reserved 1153024K
  class space    used 12927K, capacity 13911K, committed 14336K, reserved 1048576K
Event: 18618.473 GC heap after
Heap after GC invocations=53 (full 9):
 PSYoungGen      total 409088K, used 32102K [0x00000000e0000000, 0x00000000ff880000, 0x0000000100000000)
  eden space 304640K, 0% used [0x00000000e0000000,0x00000000e0000000,0x00000000f2980000)
  from space 104448K, 30% used [0x00000000f9280000,0x00000000fb1d99f8,0x00000000ff880000)
  to   space 105984K, 0% used [0x00000000f2980000,0x00000000f2980000,0x00000000f9100000)
 ParOldGen       total 366080K, used 165867K [0x00000000a0000000, 0x00000000b6580000, 0x00000000e0000000)
  object space 366080K, 45% used [0x00000000a0000000,0x00000000aa1fac98,0x00000000b6580000)
 Metaspace       used 106674K, capacity 112664K, committed 117464K, reserved 1153024K
  class space    used 12927K, capacity 13911K, committed 14336K, reserved 1048576K
}
Event: 18764.276 GC heap before
{Heap before GC invocations=54 (full 9):
 PSYoungGen      total 409088K, used 336742K [0x00000000e0000000, 0x00000000ff880000, 0x0000000100000000)
  eden space 304640K, 100% used [0x00000000e0000000,0x00000000f2980000,0x00000000f2980000)
  from space 104448K, 30% used [0x00000000f9280000,0x00000000fb1d99f8,0x00000000ff880000)
  to   space 105984K, 0% used [0x00000000f2980000,0x00000000f2980000,0x00000000f9100000)
 ParOldGen       total 366080K, used 165867K [0x00000000a0000000, 0x00000000b6580000, 0x00000000e0000000)
  object space 366080K, 45% used [0x00000000a0000000,0x00000000aa1fac98,0x00000000b6580000)
 Metaspace       used 108330K, capacity 114484K, committed 117464K, reserved 1153024K
  class space    used 13009K, capacity 14021K, committed 14336K, reserved 1048576K
Event: 18766.154 GC heap after
Heap after GC invocations=54 (full 9):
 PSYoungGen      total 410624K, used 49656K [0x00000000e0000000, 0x00000000ff680000, 0x0000000100000000)
  eden space 304640K, 0% used [0x00000000e0000000,0x00000000e0000000,0x00000000f2980000)
  from space 105984K, 46% used [0x00000000f2980000,0x00000000f59fe1c8,0x00000000f9100000)
  to   space 100352K, 0% used [0x00000000f9480000,0x00000000f9480000,0x00000000ff680000)
 ParOldGen       total 366080K, used 186839K [0x00000000a0000000, 0x00000000b6580000, 0x00000000e0000000)
  object space 366080K, 51% used [0x00000000a0000000,0x00000000ab675d98,0x00000000b6580000)
 Metaspace       used 108330K, capacity 114484K, committed 117464K, reserved 1153024K
  class space    used 13009K, capacity 14021K, committed 14336K, reserved 1048576K
}
Event: 18828.152 GC heap before
{Heap before GC invocations=55 (full 9):
 PSYoungGen      total 410624K, used 354296K [0x00000000e0000000, 0x00000000ff680000, 0x0000000100000000)
  eden space 304640K, 100% used [0x00000000e0000000,0x00000000f2980000,0x00000000f2980000)
  from space 105984K, 46% used [0x00000000f2980000,0x00000000f59fe1c8,0x00000000f9100000)
  to   space 100352K, 0% used [0x00000000f9480000,0x00000000f9480000,0x00000000ff680000)
 ParOldGen       total 366080K, used 186839K [0x00000000a0000000, 0x00000000b6580000, 0x00000000e0000000)
  object space 366080K, 51% used [0x00000000a0000000,0x00000000ab675d98,0x00000000b6580000)
 Metaspace       used 109957K, capacity 116046K, committed 117464K, reserved 1153024K
  class space    used 13089K, capacity 14131K, committed 14336K, reserved 1048576K
Event: 18829.598 GC heap after
Heap after GC invocations=55 (full 9):
 PSYoungGen      total 415232K, used 59255K [0x00000000e0000000, 0x00000000ff880000, 0x0000000100000000)
  eden space 314880K, 0% used [0x00000000e0000000,0x00000000e0000000,0x00000000f3380000)
  from space 100352K, 59% used [0x00000000f9480000,0x00000000fce5def0,0x00000000ff680000)
  to   space 99328K, 0% used [0x00000000f3380000,0x00000000f3380000,0x00000000f9480000)
 ParOldGen       total 366080K, used 232035K [0x00000000a0000000, 0x00000000b6580000, 0x00000000e0000000)
  object space 366080K, 63% used [0x00000000a0000000,0x00000000ae298d00,0x00000000b6580000)
 Metaspace       used 109957K, capacity 116046K, committed 117464K, reserved 1153024K
  class space    used 13089K, capacity 14131K, committed 14336K, reserved 1048576K
}
Event: 19444.086 GC heap before
{Heap before GC invocations=56 (full 9):
 PSYoungGen      total 415232K, used 374135K [0x00000000e0000000, 0x00000000ff880000, 0x0000000100000000)
  eden space 314880K, 100% used [0x00000000e0000000,0x00000000f3380000,0x00000000f3380000)
  from space 100352K, 59% used [0x00000000f9480000,0x00000000fce5def0,0x00000000ff680000)
  to   space 99328K, 0% used [0x00000000f3380000,0x00000000f3380000,0x00000000f9480000)
 ParOldGen       total 366080K, used 232035K [0x00000000a0000000, 0x00000000b6580000, 0x00000000e0000000)
  object space 366080K, 63% used [0x00000000a0000000,0x00000000ae298d00,0x00000000b6580000)
 Metaspace       used 111596K, capacity 117686K, committed 117976K, reserved 1153024K
  class space    used 13170K, capacity 14243K, committed 14336K, reserved 1048576K
Event: 19447.481 GC heap after
Heap after GC invocations=56 (full 9):
 PSYoungGen      total 414208K, used 64475K [0x00000000e0000000, 0x0000000100000000, 0x0000000100000000)
  eden space 314880K, 0% used [0x00000000e0000000,0x00000000e0000000,0x00000000f3380000)
  from space 99328K, 64% used [0x00000000f3380000,0x00000000f7276cb8,0x00000000f9480000)
  to   space 99840K, 0% used [0x00000000f9e80000,0x00000000f9e80000,0x0000000100000000)
 ParOldGen       total 366080K, used 288388K [0x00000000a0000000, 0x00000000b6580000, 0x00000000e0000000)
  object space 366080K, 78% used [0x00000000a0000000,0x00000000b19a11c8,0x00000000b6580000)
 Metaspace       used 111596K, capacity 117686K, committed 117976K, reserved 1153024K
  class space    used 13170K, capacity 14243K, committed 14336K, reserved 1048576K
}
Event: 19447.481 GC heap before
{Heap before GC invocations=57 (full 10):
 PSYoungGen      total 414208K, used 64475K [0x00000000e0000000, 0x0000000100000000, 0x0000000100000000)
  eden space 314880K, 0% used [0x00000000e0000000,0x00000000e0000000,0x00000000f3380000)
  from space 99328K, 64% used [0x00000000f3380000,0x00000000f7276cb8,0x00000000f9480000)
  to   space 99840K, 0% used [0x00000000f9e80000,0x00000000f9e80000,0x0000000100000000)
 ParOldGen       total 366080K, used 288388K [0x00000000a0000000, 0x00000000b6580000, 0x00000000e0000000)
  object space 366080K, 78% used [0x00000000a0000000,0x00000000b19a11c8,0x00000000b6580000)
 Metaspace       used 111596K, capacity 117686K, committed 117976K, reserved 1153024K
  class space    used 13170K, capacity 14243K, committed 14336K, reserved 1048576K

